<?xml version="1.0" encoding="UTF-8"?>
<testsuite name="com.sora.springboot.web.IndexControllerTest" tests="1" skipped="0" failures="0" errors="0" timestamp="2021-11-09T08:05:26" hostname="DESKTOP-HSI38HE" time="0.264">
  <properties/>
  <testcase name="loadMainPageTest" classname="com.sora.springboot.web.IndexControllerTest" time="0.264"/>
  <system-out><![CDATA[2021-11-09 17:05:23.190  INFO 12884 --- [    Test worker] .b.t.c.SpringBootTestContextBootstrapper : Neither @ContextConfiguration nor @ContextHierarchy found for test class [com.sora.springboot.web.IndexControllerTest], using SpringBootContextLoader
2021-11-09 17:05:23.190  INFO 12884 --- [    Test worker] o.s.t.c.support.AbstractContextLoader    : Could not detect default resource locations for test class [com.sora.springboot.web.IndexControllerTest]: no resource found for suffixes {-context.xml, Context.groovy}.
2021-11-09 17:05:23.190  INFO 12884 --- [    Test worker] t.c.s.AnnotationConfigContextLoaderUtils : Could not detect default configuration classes for test class [com.sora.springboot.web.IndexControllerTest]: IndexControllerTest does not declare any static, non-private, non-final, nested classes annotated with @Configuration.
2021-11-09 17:05:23.205  INFO 12884 --- [    Test worker] .b.t.c.SpringBootTestContextBootstrapper : Found @SpringBootConfiguration com.sora.springboot.Application for test class com.sora.springboot.web.IndexControllerTest
2021-11-09 17:05:23.205  INFO 12884 --- [    Test worker] .b.t.c.SpringBootTestContextBootstrapper : Loaded default TestExecutionListener class names from location [META-INF/spring.factories]: [org.springframework.security.test.context.support.WithSecurityContextTestExecutionListener, org.springframework.security.test.context.support.ReactorContextTestExecutionListener, org.springframework.boot.test.autoconfigure.restdocs.RestDocsTestExecutionListener, org.springframework.boot.test.autoconfigure.web.client.MockRestServiceServerResetTestExecutionListener, org.springframework.boot.test.autoconfigure.web.servlet.MockMvcPrintOnlyOnFailureTestExecutionListener, org.springframework.boot.test.autoconfigure.web.servlet.WebDriverTestExecutionListener, org.springframework.boot.test.mock.mockito.MockitoTestExecutionListener, org.springframework.boot.test.mock.mockito.ResetMocksTestExecutionListener, org.springframework.test.context.web.ServletTestExecutionListener, org.springframework.test.context.support.DirtiesContextBeforeModesTestExecutionListener, org.springframework.test.context.support.DependencyInjectionTestExecutionListener, org.springframework.test.context.support.DirtiesContextTestExecutionListener, org.springframework.test.context.transaction.TransactionalTestExecutionListener, org.springframework.test.context.jdbc.SqlScriptsTestExecutionListener]
2021-11-09 17:05:23.205  INFO 12884 --- [    Test worker] .b.t.c.SpringBootTestContextBootstrapper : Using TestExecutionListeners: [org.springframework.test.context.web.ServletTestExecutionListener@2aa91596, org.springframework.test.context.support.DirtiesContextBeforeModesTestExecutionListener@7c202b40, org.springframework.boot.test.mock.mockito.MockitoTestExecutionListener@1a9a9d0c, org.springframework.boot.test.autoconfigure.SpringBootDependencyInjectionTestExecutionListener@67a3f81b, org.springframework.test.context.support.DirtiesContextTestExecutionListener@54454dc, org.springframework.test.context.transaction.TransactionalTestExecutionListener@78c3151f, org.springframework.test.context.jdbc.SqlScriptsTestExecutionListener@367f95f6, org.springframework.security.test.context.support.WithSecurityContextTestExecutionListener@4e64c002, org.springframework.security.test.context.support.ReactorContextTestExecutionListener@69218fa6, org.springframework.boot.test.autoconfigure.restdocs.RestDocsTestExecutionListener@92a0470, org.springframework.boot.test.autoconfigure.web.client.MockRestServiceServerResetTestExecutionListener@43b0f086, org.springframework.boot.test.autoconfigure.web.servlet.MockMvcPrintOnlyOnFailureTestExecutionListener@2b3c4c22, org.springframework.boot.test.autoconfigure.web.servlet.WebDriverTestExecutionListener@4e05ba5c, org.springframework.boot.test.mock.mockito.ResetMocksTestExecutionListener@17552e68]

  .   ____          _            __ _ _
 /\\ / ___'_ __ _ _(_)_ __  __ _ \ \ \ \
( ( )\___ | '_ | '_| | '_ \/ _` | \ \ \ \
 \\/  ___)| |_)| | | | | || (_| |  ) ) ) )
  '  |____| .__|_| |_|_| |_\__, | / / / /
 =========|_|==============|___/=/_/_/_/
 :: Spring Boot ::        (v2.1.7.RELEASE)

2021-11-09 17:05:23.293  INFO 12884 --- [    Test worker] c.s.springboot.web.IndexControllerTest   : Starting IndexControllerTest on DESKTOP-HSI38HE with PID 12884 (started by admin in C:\Users\admin\IdeaProjects\springboot-webService)
2021-11-09 17:05:23.293  INFO 12884 --- [    Test worker] c.s.springboot.web.IndexControllerTest   : No active profile set, falling back to default profiles: default
2021-11-09 17:05:23.758  INFO 12884 --- [    Test worker] .s.d.r.c.RepositoryConfigurationDelegate : Bootstrapping Spring Data repositories in DEFAULT mode.
2021-11-09 17:05:23.793  INFO 12884 --- [    Test worker] .s.d.r.c.RepositoryConfigurationDelegate : Finished Spring Data repository scanning in 34ms. Found 2 repository interfaces.
2021-11-09 17:05:23.978  INFO 12884 --- [    Test worker] trationDelegate$BeanPostProcessorChecker : Bean 'org.springframework.transaction.annotation.ProxyTransactionManagementConfiguration' of type [org.springframework.transaction.annotation.ProxyTransactionManagementConfiguration$$EnhancerBySpringCGLIB$$896ef22a] is not eligible for getting processed by all BeanPostProcessors (for example: not eligible for auto-proxying)
2021-11-09 17:05:24.401  INFO 12884 --- [    Test worker] o.s.b.w.embedded.tomcat.TomcatWebServer  : Tomcat initialized with port(s): 0 (http)
2021-11-09 17:05:24.454  INFO 12884 --- [    Test worker] o.apache.catalina.core.StandardService   : Starting service [Tomcat]
2021-11-09 17:05:24.455  INFO 12884 --- [    Test worker] org.apache.catalina.core.StandardEngine  : Starting Servlet engine: [Apache Tomcat/9.0.22]
2021-11-09 17:05:24.744  INFO 12884 --- [    Test worker] o.a.c.c.C.[Tomcat].[localhost].[/]       : Initializing Spring embedded WebApplicationContext
2021-11-09 17:05:24.744  INFO 12884 --- [    Test worker] o.s.web.context.ContextLoader            : Root WebApplicationContext: initialization completed in 1451 ms
2021-11-09 17:05:25.005  INFO 12884 --- [    Test worker] com.zaxxer.hikari.HikariDataSource       : HikariPool-2 - Starting...
2021-11-09 17:05:25.005  INFO 12884 --- [    Test worker] com.zaxxer.hikari.HikariDataSource       : HikariPool-2 - Start completed.
2021-11-09 17:05:25.068  INFO 12884 --- [    Test worker] o.hibernate.jpa.internal.util.LogHelper  : HHH000204: Processing PersistenceUnitInfo [
	name: default
	...]
2021-11-09 17:05:25.083  INFO 12884 --- [    Test worker] org.hibernate.dialect.Dialect            : HHH000400: Using dialect: org.hibernate.dialect.MySQL5InnoDBDialect
Hibernate: drop table if exists posts
Hibernate: drop table if exists user
Hibernate: create table posts (id bigint not null auto_increment, created_date datetime, modified_date datetime, author varchar(255), content TEXT not null, title varchar(500) not null, primary key (id)) engine=InnoDB
Hibernate: create table user (id bigint not null auto_increment, created_date datetime, modified_date datetime, email varchar(255), name varchar(255) not null, picture varchar(255), role varchar(255) not null, primary key (id)) engine=InnoDB
2021-11-09 17:05:25.161  INFO 12884 --- [    Test worker] o.h.t.schema.internal.SchemaCreatorImpl  : HHH000476: Executing import script 'org.hibernate.tool.schema.internal.exec.ScriptSourceInputNonExistentImpl@2033dc7d'
2021-11-09 17:05:25.161  INFO 12884 --- [    Test worker] j.LocalContainerEntityManagerFactoryBean : Initialized JPA EntityManagerFactory for persistence unit 'default'
2021-11-09 17:05:25.602  INFO 12884 --- [    Test worker] o.h.h.i.QueryTranslatorFactoryInitiator  : HHH000397: Using ASTQueryTranslatorFactory
2021-11-09 17:05:25.821  INFO 12884 --- [    Test worker] o.s.s.web.DefaultSecurityFilterChain     : Creating filter chain: any request, [org.springframework.security.web.context.request.async.WebAsyncManagerIntegrationFilter@441876f5, org.springframework.security.web.context.SecurityContextPersistenceFilter@42e4a58, org.springframework.security.web.header.HeaderWriterFilter@5ce1a247, org.springframework.security.web.authentication.logout.LogoutFilter@6983a8e0, org.springframework.security.oauth2.client.web.OAuth2AuthorizationRequestRedirectFilter@f6bbd7, org.springframework.security.oauth2.client.web.OAuth2LoginAuthenticationFilter@7bbb232b, org.springframework.security.web.authentication.ui.DefaultLoginPageGeneratingFilter@1f894dc3, org.springframework.security.web.authentication.ui.DefaultLogoutPageGeneratingFilter@740c5a69, org.springframework.security.web.savedrequest.RequestCacheAwareFilter@31682c2b, org.springframework.security.web.servletapi.SecurityContextHolderAwareRequestFilter@60ca43db, org.springframework.security.web.authentication.AnonymousAuthenticationFilter@41117f3c, org.springframework.security.web.session.SessionManagementFilter@358946bf, org.springframework.security.web.access.ExceptionTranslationFilter@551c0de3, org.springframework.security.web.access.intercept.FilterSecurityInterceptor@17e4f81f]
2021-11-09 17:05:26.068  INFO 12884 --- [    Test worker] o.s.s.concurrent.ThreadPoolTaskExecutor  : Initializing ExecutorService 'applicationTaskExecutor'
2021-11-09 17:05:26.084  WARN 12884 --- [    Test worker] aWebConfiguration$JpaWebMvcConfiguration : spring.jpa.open-in-view is enabled by default. Therefore, database queries may be performed during view rendering. Explicitly configure spring.jpa.open-in-view to disable this warning
2021-11-09 17:05:26.115  INFO 12884 --- [    Test worker] o.s.b.a.w.s.WelcomePageHandlerMapping    : Adding welcome page template: index
2021-11-09 17:05:26.489  INFO 12884 --- [    Test worker] s.a.ScheduledAnnotationBeanPostProcessor : No TaskScheduler/ScheduledExecutorService bean found for scheduled processing
2021-11-09 17:05:26.521  INFO 12884 --- [    Test worker] o.s.b.w.embedded.tomcat.TomcatWebServer  : Tomcat started on port(s): 55863 (http) with context path ''
2021-11-09 17:05:26.521  INFO 12884 --- [    Test worker] c.s.springboot.web.IndexControllerTest   : Started IndexControllerTest in 3.316 seconds (JVM running for 14.977)
2021-11-09 17:05:26.677  INFO 12884 --- [o-auto-1-exec-1] o.a.c.c.C.[Tomcat].[localhost].[/]       : Initializing Spring DispatcherServlet 'dispatcherServlet'
2021-11-09 17:05:26.677  INFO 12884 --- [o-auto-1-exec-1] o.s.web.servlet.DispatcherServlet        : Initializing Servlet 'dispatcherServlet'
2021-11-09 17:05:26.708  INFO 12884 --- [o-auto-1-exec-1] o.s.web.servlet.DispatcherServlet        : Completed initialization in 31 ms
Hibernate: select posts0_.id as id1_0_, posts0_.created_date as created_2_0_, posts0_.modified_date as modified3_0_, posts0_.author as author4_0_, posts0_.content as content5_0_, posts0_.title as title6_0_ from posts posts0_ order by posts0_.id DESC
]]></system-out>
  <system-err><![CDATA[]]></system-err>
</testsuite>
