<?xml version="1.0" encoding="UTF-8"?>
<testsuite name="com.nsr.webservice.springboot.web.IndexControllerTest" tests="1" skipped="0" failures="0" errors="0" timestamp="2021-05-03T04:49:01" hostname="DESKTOP-HSI38HE" time="0.238">
  <properties/>
  <testcase name="loadMainPage" classname="com.nsr.webservice.springboot.web.IndexControllerTest" time="0.238"/>
  <system-out><![CDATA[2021-05-03 13:49:01.889  INFO 6060 --- [    Test worker] .b.t.c.SpringBootTestContextBootstrapper : Neither @ContextConfiguration nor @ContextHierarchy found for test class [com.nsr.webservice.springboot.web.IndexControllerTest], using SpringBootContextLoader
2021-05-03 13:49:01.892  INFO 6060 --- [    Test worker] o.s.t.c.support.AbstractContextLoader    : Could not detect default resource locations for test class [com.nsr.webservice.springboot.web.IndexControllerTest]: no resource found for suffixes {-context.xml, Context.groovy}.
2021-05-03 13:49:01.893  INFO 6060 --- [    Test worker] t.c.s.AnnotationConfigContextLoaderUtils : Could not detect default configuration classes for test class [com.nsr.webservice.springboot.web.IndexControllerTest]: IndexControllerTest does not declare any static, non-private, non-final, nested classes annotated with @Configuration.
2021-05-03 13:49:01.895  INFO 6060 --- [    Test worker] .b.t.c.SpringBootTestContextBootstrapper : Found @SpringBootConfiguration com.nsr.webservice.springboot.Application for test class com.nsr.webservice.springboot.web.IndexControllerTest
2021-05-03 13:49:01.897  INFO 6060 --- [    Test worker] .b.t.c.SpringBootTestContextBootstrapper : Loaded default TestExecutionListener class names from location [META-INF/spring.factories]: [org.springframework.security.test.context.support.WithSecurityContextTestExecutionListener, org.springframework.security.test.context.support.ReactorContextTestExecutionListener, org.springframework.boot.test.autoconfigure.restdocs.RestDocsTestExecutionListener, org.springframework.boot.test.autoconfigure.web.client.MockRestServiceServerResetTestExecutionListener, org.springframework.boot.test.autoconfigure.web.servlet.MockMvcPrintOnlyOnFailureTestExecutionListener, org.springframework.boot.test.autoconfigure.web.servlet.WebDriverTestExecutionListener, org.springframework.boot.test.mock.mockito.MockitoTestExecutionListener, org.springframework.boot.test.mock.mockito.ResetMocksTestExecutionListener, org.springframework.test.context.web.ServletTestExecutionListener, org.springframework.test.context.support.DirtiesContextBeforeModesTestExecutionListener, org.springframework.test.context.support.DependencyInjectionTestExecutionListener, org.springframework.test.context.support.DirtiesContextTestExecutionListener, org.springframework.test.context.transaction.TransactionalTestExecutionListener, org.springframework.test.context.jdbc.SqlScriptsTestExecutionListener]
2021-05-03 13:49:01.900  INFO 6060 --- [    Test worker] .b.t.c.SpringBootTestContextBootstrapper : Using TestExecutionListeners: [org.springframework.test.context.web.ServletTestExecutionListener@47894125, org.springframework.test.context.support.DirtiesContextBeforeModesTestExecutionListener@31787e7, org.springframework.boot.test.mock.mockito.MockitoTestExecutionListener@839645d, org.springframework.boot.test.autoconfigure.SpringBootDependencyInjectionTestExecutionListener@6c8ad053, org.springframework.test.context.support.DirtiesContextTestExecutionListener@6107248e, org.springframework.test.context.transaction.TransactionalTestExecutionListener@5e90aff6, org.springframework.test.context.jdbc.SqlScriptsTestExecutionListener@1d4833f5, org.springframework.security.test.context.support.WithSecurityContextTestExecutionListener@27fa6047, org.springframework.security.test.context.support.ReactorContextTestExecutionListener@7f011362, org.springframework.boot.test.autoconfigure.restdocs.RestDocsTestExecutionListener@2435fc6b, org.springframework.boot.test.autoconfigure.web.client.MockRestServiceServerResetTestExecutionListener@783eb483, org.springframework.boot.test.autoconfigure.web.servlet.MockMvcPrintOnlyOnFailureTestExecutionListener@c320b9b, org.springframework.boot.test.autoconfigure.web.servlet.WebDriverTestExecutionListener@7b5f937c, org.springframework.boot.test.mock.mockito.ResetMocksTestExecutionListener@7002fed8]
2021-05-03 13:49:02.047  INFO 6060 --- [o-auto-1-exec-1] o.a.c.c.C.[Tomcat].[localhost].[/]       : Initializing Spring DispatcherServlet 'dispatcherServlet'
2021-05-03 13:49:02.047  INFO 6060 --- [o-auto-1-exec-1] o.s.web.servlet.DispatcherServlet        : Initializing Servlet 'dispatcherServlet'
2021-05-03 13:49:02.051  INFO 6060 --- [o-auto-1-exec-1] o.s.web.servlet.DispatcherServlet        : Completed initialization in 4 ms
Hibernate: select posts0_.id as id1_0_, posts0_.created_date as created_2_0_, posts0_.modified_date as modified3_0_, posts0_.author as author4_0_, posts0_.content as content5_0_, posts0_.title as title6_0_ from posts posts0_ order by posts0_.id DESC
]]></system-out>
  <system-err><![CDATA[]]></system-err>
</testsuite>
